I20240105 13:20:00.566270  3577 event_manager.cc:62] Generated event-id: so5r7a7k
I20240105 13:20:00.592039  3581 streams_event_writer.cc:45] An empty sender name was supplied; assigning the generated name "JvTa9uCQ".
I20240105 13:20:05.482506  3581 streams_event_writer.cc:76] Sending data into event "so5r7a7k" through stream "queue-stream".
I20240105 15:47:04.047009 17803 event_manager.cc:62] Generated event-id: csfn582g
I20240105 15:47:04.091946 17807 streams_event_writer.cc:45] An empty sender name was supplied; assigning the generated name "QNWXRIXO".
I20240105 15:47:08.917456 17807 streams_event_writer.cc:76] Sending data into event "csfn582g" through stream "queue-stream".
I20240105 20:18:38.404145  2770 event_manager.cc:62] Generated event-id: b50jfn2g
I20240105 20:18:38.445770  2774 streams_event_writer.cc:45] An empty sender name was supplied; assigning the generated name "u0le9yj5".
I20240105 20:18:43.257928  2774 streams_event_writer.cc:76] Sending data into event "b50jfn2g" through stream "queue-stream".
I20240105 21:24:31.416469 15689 event_manager.cc:62] Generated event-id: mti2x8v0
I20240105 21:24:31.430716 15692 streams_event_writer.cc:45] An empty sender name was supplied; assigning the generated name "EkgHLlwQ".
I20240105 21:24:36.085348 15692 streams_event_writer.cc:76] Sending data into event "mti2x8v0" through stream "queue-stream".
E20240105 21:57:11.019596 15706 gstreamer_runner.cc:85] Error from gstreamer element rtspsrc1: Could not read from resource.
E20240105 21:57:43.259409 15706 gstreamer_runner.cc:88] Additional debug info: third_party/gstreamer/subprojects/gst_plugins_good/gst/rtsp/gstrtspsrc.c(6506): gst_rtsp_src_receive_response (): /GstPipeline:pipeline1/GstRTSPSrc:rtspsrc1:
Could not receive message. (Timeout while waiting for server response)
E20240105 21:57:53.850901 15706 gstreamer_runner.cc:90] Got gstreamer error; shutting down event loop
E20240105 21:58:08.492892 15706 gstreamer_runner.cc:85] Error from gstreamer element rtspsrc1: Could not read from resource.
E20240105 21:58:17.958945 15706 gstreamer_runner.cc:88] Additional debug info: third_party/gstreamer/subprojects/gst_plugins_good/gst/rtsp/gstrtspsrc.c(6604): gst_rtspsrc_try_send (): /GstPipeline:pipeline1/GstRTSPSrc:rtspsrc1:
Could not receive message. (Timeout while waiting for server response)
E20240105 21:58:26.445768 15706 gstreamer_runner.cc:90] Got gstreamer error; shutting down event loop
E20240105 21:58:41.130667 15706 gstreamer_runner.cc:85] Error from gstreamer element rtspsrc1: Could not write to resource.
E20240105 21:58:48.403736 15706 gstreamer_runner.cc:88] Additional debug info: third_party/gstreamer/subprojects/gst_plugins_good/gst/rtsp/gstrtspsrc.c(9017): gst_rtspsrc_pause (): /GstPipeline:pipeline1/GstRTSPSrc:rtspsrc1:
Could not send message. (Timeout while waiting for server response)
E20240105 21:58:56.728684 15706 gstreamer_runner.cc:90] Got gstreamer error; shutting down event loop
I20240105 22:11:35.951645  3122 event_manager.cc:62] Generated event-id: py7razku
I20240105 22:11:35.981720  3126 streams_event_writer.cc:45] An empty sender name was supplied; assigning the generated name "b6bvdECw".
I20240105 22:11:40.788774  3126 streams_event_writer.cc:76] Sending data into event "py7razku" through stream "queue-stream".
I20240109 20:42:23.201321 24797 event_manager.cc:62] Generated event-id: b4twrk19
I20240109 20:42:23.272886 24801 streams_event_writer.cc:45] An empty sender name was supplied; assigning the generated name "nnBmAlB9".
I20240109 20:42:28.084261 24801 streams_event_writer.cc:76] Sending data into event "b4twrk19" through stream "queue-stream".
I20240110 04:54:21.977423  6100 event_manager.cc:62] Generated event-id: rv91nmm2
I20240110 04:54:21.980763  6104 streams_event_writer.cc:45] An empty sender name was supplied; assigning the generated name "lRLpyK37".
I20240110 04:54:26.803881  6104 streams_event_writer.cc:76] Sending data into event "rv91nmm2" through stream "queue-stream".
I20240110 05:22:09.322275 12184 event_manager.cc:62] Generated event-id: ad65ygmq
I20240110 05:22:09.329923 12186 streams_event_writer.cc:45] An empty sender name was supplied; assigning the generated name "LfhW86Q7".
I20240110 05:22:13.949612 12186 streams_event_writer.cc:76] Sending data into event "ad65ygmq" through stream "queue-stream".
I20240110 20:24:27.331377  3127 event_manager.cc:62] Generated event-id: ntj53npn
I20240110 20:24:27.352511  3131 streams_event_writer.cc:45] An empty sender name was supplied; assigning the generated name "XZvJywNr".
I20240110 20:24:32.120174  3131 streams_event_writer.cc:76] Sending data into event "ntj53npn" through stream "queue-stream".
I20240111 04:20:00.652705  4228 event_manager.cc:62] Generated event-id: dxbws3rg
I20240111 04:20:00.655268  4232 streams_event_writer.cc:45] An empty sender name was supplied; assigning the generated name "rF2IDeNs".
I20240111 04:20:05.508859  4232 streams_event_writer.cc:76] Sending data into event "dxbws3rg" through stream "queue-stream".
I20240111 04:44:49.490756  2968 event_manager.cc:62] Generated event-id: vkkae0qa
I20240111 04:44:49.492767  2972 streams_event_writer.cc:45] An empty sender name was supplied; assigning the generated name "vVbFSg53".
I20240111 04:44:54.219086  2972 streams_event_writer.cc:76] Sending data into event "vkkae0qa" through stream "queue-stream".
I20240115 20:32:55.568454  5872 event_manager.cc:62] Generated event-id: tm73dx63
I20240115 20:32:55.621724  5876 streams_event_writer.cc:45] An empty sender name was supplied; assigning the generated name "MdscCTck".
I20240115 20:33:00.424388  5876 streams_event_writer.cc:76] Sending data into event "tm73dx63" through stream "queue-stream".
